<?xml version="1.0" encoding="UTF-8"?>
<!-- Generated by org.testng.reporters.JUnitReportReporter -->
<testsuite hostname="DESKTOP-0Q2F0AL" failures="0" tests="48" name="Test_Package.Test_case_BrokenLinks" time="2003.491" errors="2" timestamp="2023-04-28T21:03:31 IST" skipped="0">
  <testcase classname="Test_Package.Test_case_BrokenLinks" name="Test_link_Responce_check" time="37.770"/>
  <system-out/>
  <testcase classname="Test_Package.Test_case_BrokenLinks" name="Test_link_Responce_check" time="40.829"/>
  <system-out/>
  <testcase classname="Test_Package.Test_case_BrokenLinks" name="Test_link_Responce_check" time="37.091"/>
  <system-out/>
  <testcase classname="Test_Package.Test_case_BrokenLinks" name="Test_link_Responce_check" time="37.166"/>
  <system-out/>
  <testcase classname="Test_Package.Test_case_BrokenLinks" name="Test_link_Responce_check" time="54.513">
    <error message="Connection timed out: connect" type="java.net.ConnectException">
      <![CDATA[java.net.ConnectException: Connection timed out: connect
at java.base/sun.nio.ch.Net.connect0(Native Method)
at java.base/sun.nio.ch.Net.connect(Net.java:579)
at java.base/sun.nio.ch.Net.connect(Net.java:568)
at java.base/sun.nio.ch.NioSocketImpl.connect(NioSocketImpl.java:588)
at java.base/java.net.SocksSocketImpl.connect(SocksSocketImpl.java:327)
at java.base/java.net.Socket.connect(Socket.java:633)
at java.base/sun.security.ssl.SSLSocketImpl.connect(SSLSocketImpl.java:304)
at java.base/sun.security.ssl.BaseSSLSocketImpl.connect(BaseSSLSocketImpl.java:174)
at java.base/sun.net.NetworkClient.doConnect(NetworkClient.java:183)
at java.base/sun.net.www.http.HttpClient.openServer(HttpClient.java:531)
at java.base/sun.net.www.http.HttpClient.openServer(HttpClient.java:636)
at java.base/sun.net.www.protocol.https.HttpsClient.<init>(HttpsClient.java:266)
at java.base/sun.net.www.protocol.https.HttpsClient.New(HttpsClient.java:380)
at java.base/sun.net.www.protocol.https.AbstractDelegateHttpsURLConnection.getNewHttpClient(AbstractDelegateHttpsURLConnection.java:193)
at java.base/sun.net.www.protocol.http.HttpURLConnection.plainConnect0(HttpURLConnection.java:1242)
at java.base/sun.net.www.protocol.http.HttpURLConnection.plainConnect(HttpURLConnection.java:1128)
at java.base/sun.net.www.protocol.https.AbstractDelegateHttpsURLConnection.connect(AbstractDelegateHttpsURLConnection.java:179)
at java.base/sun.net.www.protocol.https.HttpsURLConnectionImpl.connect(HttpsURLConnectionImpl.java:142)
at Test_Package.Test_case_BrokenLinks.Test_link_Responce_check(Test_case_BrokenLinks.java:143)
at jdk.internal.reflect.GeneratedMethodAccessor1.invoke(Unknown Source)
at java.base/jdk.internal.reflect.DelegatingMethodAccessorImpl.invoke(DelegatingMethodAccessorImpl.java:43)
at java.base/java.lang.reflect.Method.invoke(Method.java:568)
at org.testng.internal.invokers.MethodInvocationHelper.invokeMethod(MethodInvocationHelper.java:139)
at org.testng.internal.invokers.TestInvoker.invokeMethod(TestInvoker.java:677)
at org.testng.internal.invokers.TestInvoker.invokeTestMethod(TestInvoker.java:221)
at org.testng.internal.invokers.MethodRunner.runInSequence(MethodRunner.java:50)
at org.testng.internal.invokers.TestInvoker$MethodInvocationAgent.invoke(TestInvoker.java:969)
at org.testng.internal.invokers.TestInvoker.invokeTestMethods(TestInvoker.java:194)
at org.testng.internal.invokers.TestMethodWorker.invokeTestMethods(TestMethodWorker.java:148)
at org.testng.internal.invokers.TestMethodWorker.run(TestMethodWorker.java:128)
at java.base/java.util.ArrayList.forEach(ArrayList.java:1511)
at org.testng.TestRunner.privateRun(TestRunner.java:829)
at org.testng.TestRunner.run(TestRunner.java:602)
at org.testng.SuiteRunner.runTest(SuiteRunner.java:437)
at org.testng.SuiteRunner.runSequentially(SuiteRunner.java:431)
at org.testng.SuiteRunner.privateRun(SuiteRunner.java:391)
at org.testng.SuiteRunner.run(SuiteRunner.java:330)
at org.testng.SuiteRunnerWorker.runSuite(SuiteRunnerWorker.java:52)
at org.testng.SuiteRunnerWorker.run(SuiteRunnerWorker.java:95)
at org.testng.TestNG.runSuitesSequentially(TestNG.java:1256)
at org.testng.TestNG.runSuitesLocally(TestNG.java:1176)
at org.testng.TestNG.runSuites(TestNG.java:1099)
at org.testng.TestNG.run(TestNG.java:1067)
at org.testng.remote.AbstractRemoteTestNG.run(AbstractRemoteTestNG.java:115)
at org.testng.remote.RemoteTestNG.initAndRun(RemoteTestNG.java:251)
at org.testng.remote.RemoteTestNG.main(RemoteTestNG.java:77)
]]>
    </error>
  </testcase> <!-- Test_link_Responce_check -->
  <system-out/>
  <testcase classname="Test_Package.Test_case_BrokenLinks" name="Test_link_Responce_check" time="37.622"/>
  <system-out/>
  <testcase classname="Test_Package.Test_case_BrokenLinks" name="Test_link_Responce_check" time="41.277"/>
  <system-out/>
  <testcase classname="Test_Package.Test_case_BrokenLinks" name="Test_link_Responce_check" time="46.143"/>
  <system-out/>
  <testcase classname="Test_Package.Test_case_BrokenLinks" name="Test_link_Responce_check" time="33.326"/>
  <system-out/>
  <testcase classname="Test_Package.Test_case_BrokenLinks" name="Test_link_Responce_check" time="74.270"/>
  <system-out/>
  <testcase classname="Test_Package.Test_case_BrokenLinks" name="Test_link_Responce_check" time="35.272"/>
  <system-out/>
  <testcase classname="Test_Package.Test_case_BrokenLinks" name="Test_link_Responce_check" time="78.677"/>
  <system-out/>
  <testcase classname="Test_Package.Test_case_BrokenLinks" name="Test_link_Responce_check" time="35.085"/>
  <system-out/>
  <testcase classname="Test_Package.Test_case_BrokenLinks" name="Test_link_Responce_check" time="45.384"/>
  <system-out/>
  <testcase classname="Test_Package.Test_case_BrokenLinks" name="Test_link_Responce_check" time="40.261"/>
  <system-out/>
  <testcase classname="Test_Package.Test_case_BrokenLinks" name="Test_link_Responce_check" time="36.177"/>
  <system-out/>
  <testcase classname="Test_Package.Test_case_BrokenLinks" name="Test_link_Responce_check" time="32.869"/>
  <system-out/>
  <testcase classname="Test_Package.Test_case_BrokenLinks" name="Test_link_Responce_check" time="33.181"/>
  <system-out/>
  <testcase classname="Test_Package.Test_case_BrokenLinks" name="Test_link_Responce_check" time="33.544"/>
  <system-out/>
  <testcase classname="Test_Package.Test_case_BrokenLinks" name="Test_link_Responce_check" time="44.590"/>
  <system-out/>
  <testcase classname="Test_Package.Test_case_BrokenLinks" name="Test_link_Responce_check" time="38.439"/>
  <system-out/>
  <testcase classname="Test_Package.Test_case_BrokenLinks" name="Test_link_Responce_check" time="39.714"/>
  <system-out/>
  <testcase classname="Test_Package.Test_case_BrokenLinks" name="Test_link_Responce_check" time="38.666"/>
  <system-out/>
  <testcase classname="Test_Package.Test_case_BrokenLinks" name="Test_link_Responce_check" time="37.474"/>
  <system-out/>
  <testcase classname="Test_Package.Test_case_BrokenLinks" name="Test_link_Responce_check" time="75.998"/>
  <system-out/>
  <testcase classname="Test_Package.Test_case_BrokenLinks" name="Test_link_Responce_check" time="39.678"/>
  <system-out/>
  <testcase classname="Test_Package.Test_case_BrokenLinks" name="Test_link_Responce_check" time="36.139"/>
  <system-out/>
  <testcase classname="Test_Package.Test_case_BrokenLinks" name="Test_link_Responce_check" time="38.144"/>
  <system-out/>
  <testcase classname="Test_Package.Test_case_BrokenLinks" name="Test_link_Responce_check" time="40.676"/>
  <system-out/>
  <testcase classname="Test_Package.Test_case_BrokenLinks" name="Test_link_Responce_check" time="33.053"/>
  <system-out/>
  <testcase classname="Test_Package.Test_case_BrokenLinks" name="Test_link_Responce_check" time="64.289">
    <error message="Connection timed out: connect" type="java.net.ConnectException">
      <![CDATA[java.net.ConnectException: Connection timed out: connect
at java.base/sun.nio.ch.Net.connect0(Native Method)
at java.base/sun.nio.ch.Net.connect(Net.java:579)
at java.base/sun.nio.ch.Net.connect(Net.java:568)
at java.base/sun.nio.ch.NioSocketImpl.connect(NioSocketImpl.java:588)
at java.base/java.net.SocksSocketImpl.connect(SocksSocketImpl.java:327)
at java.base/java.net.Socket.connect(Socket.java:633)
at java.base/sun.security.ssl.SSLSocketImpl.connect(SSLSocketImpl.java:304)
at java.base/sun.security.ssl.BaseSSLSocketImpl.connect(BaseSSLSocketImpl.java:174)
at java.base/sun.net.NetworkClient.doConnect(NetworkClient.java:183)
at java.base/sun.net.www.http.HttpClient.openServer(HttpClient.java:531)
at java.base/sun.net.www.http.HttpClient.openServer(HttpClient.java:636)
at java.base/sun.net.www.protocol.https.HttpsClient.<init>(HttpsClient.java:266)
at java.base/sun.net.www.protocol.https.HttpsClient.New(HttpsClient.java:380)
at java.base/sun.net.www.protocol.https.AbstractDelegateHttpsURLConnection.getNewHttpClient(AbstractDelegateHttpsURLConnection.java:193)
at java.base/sun.net.www.protocol.http.HttpURLConnection.plainConnect0(HttpURLConnection.java:1242)
at java.base/sun.net.www.protocol.http.HttpURLConnection.plainConnect(HttpURLConnection.java:1128)
at java.base/sun.net.www.protocol.https.AbstractDelegateHttpsURLConnection.connect(AbstractDelegateHttpsURLConnection.java:179)
at java.base/sun.net.www.protocol.https.HttpsURLConnectionImpl.connect(HttpsURLConnectionImpl.java:142)
at Test_Package.Test_case_BrokenLinks.Test_link_Responce_check(Test_case_BrokenLinks.java:143)
at java.base/jdk.internal.reflect.NativeMethodAccessorImpl.invoke0(Native Method)
at java.base/jdk.internal.reflect.NativeMethodAccessorImpl.invoke(NativeMethodAccessorImpl.java:77)
at java.base/jdk.internal.reflect.DelegatingMethodAccessorImpl.invoke(DelegatingMethodAccessorImpl.java:43)
at java.base/java.lang.reflect.Method.invoke(Method.java:568)
at org.testng.internal.invokers.MethodInvocationHelper.invokeMethod(MethodInvocationHelper.java:139)
at org.testng.internal.invokers.TestInvoker.invokeMethod(TestInvoker.java:677)
at org.testng.internal.invokers.TestInvoker.invokeTestMethod(TestInvoker.java:221)
at org.testng.internal.invokers.MethodRunner.runInSequence(MethodRunner.java:50)
at org.testng.internal.invokers.TestInvoker$MethodInvocationAgent.invoke(TestInvoker.java:969)
at org.testng.internal.invokers.TestInvoker.invokeTestMethods(TestInvoker.java:194)
at org.testng.internal.invokers.TestMethodWorker.invokeTestMethods(TestMethodWorker.java:148)
at org.testng.internal.invokers.TestMethodWorker.run(TestMethodWorker.java:128)
at java.base/java.util.ArrayList.forEach(ArrayList.java:1511)
at org.testng.TestRunner.privateRun(TestRunner.java:829)
at org.testng.TestRunner.run(TestRunner.java:602)
at org.testng.SuiteRunner.runTest(SuiteRunner.java:437)
at org.testng.SuiteRunner.runSequentially(SuiteRunner.java:431)
at org.testng.SuiteRunner.privateRun(SuiteRunner.java:391)
at org.testng.SuiteRunner.run(SuiteRunner.java:330)
at org.testng.SuiteRunnerWorker.runSuite(SuiteRunnerWorker.java:52)
at org.testng.SuiteRunnerWorker.run(SuiteRunnerWorker.java:95)
at org.testng.TestNG.runSuitesSequentially(TestNG.java:1256)
at org.testng.TestNG.runSuitesLocally(TestNG.java:1176)
at org.testng.TestNG.runSuites(TestNG.java:1099)
at org.testng.TestNG.run(TestNG.java:1067)
at org.testng.remote.AbstractRemoteTestNG.run(AbstractRemoteTestNG.java:115)
at org.testng.remote.RemoteTestNG.initAndRun(RemoteTestNG.java:251)
at org.testng.remote.RemoteTestNG.main(RemoteTestNG.java:77)
]]>
    </error>
  </testcase> <!-- Test_link_Responce_check -->
  <system-out/>
  <testcase classname="Test_Package.Test_case_BrokenLinks" name="Test_link_Responce_check" time="34.220"/>
  <system-out/>
  <testcase classname="Test_Package.Test_case_BrokenLinks" name="Test_link_Responce_check" time="43.941"/>
  <system-out/>
  <testcase classname="Test_Package.Test_case_BrokenLinks" name="Test_link_Responce_check" time="76.769"/>
  <system-out/>
  <testcase classname="Test_Package.Test_case_BrokenLinks" name="Test_link_Responce_check" time="33.768"/>
  <system-out/>
  <testcase classname="Test_Package.Test_case_BrokenLinks" name="Test_link_Responce_check" time="39.717"/>
  <system-out/>
  <testcase classname="Test_Package.Test_case_BrokenLinks" name="Test_link_Responce_check" time="33.283"/>
  <system-out/>
  <testcase classname="Test_Package.Test_case_BrokenLinks" name="Test_link_Responce_check" time="33.663"/>
  <system-out/>
  <testcase classname="Test_Package.Test_case_BrokenLinks" name="Test_link_Responce_check" time="36.965"/>
  <system-out/>
  <testcase classname="Test_Package.Test_case_BrokenLinks" name="Test_link_Responce_check" time="41.581"/>
  <system-out/>
  <testcase classname="Test_Package.Test_case_BrokenLinks" name="Test_link_Responce_check" time="39.469"/>
  <system-out/>
  <testcase classname="Test_Package.Test_case_BrokenLinks" name="Test_link_Responce_check" time="36.693"/>
  <system-out/>
  <testcase classname="Test_Package.Test_case_BrokenLinks" name="Test_link_Responce_check" time="36.288"/>
  <system-out/>
  <testcase classname="Test_Package.Test_case_BrokenLinks" name="Test_link_Responce_check" time="33.549"/>
  <system-out/>
  <testcase classname="Test_Package.Test_case_BrokenLinks" name="Test_link_Responce_check" time="37.182"/>
  <system-out/>
  <testcase classname="Test_Package.Test_case_BrokenLinks" name="Test_link_Responce_check" time="38.058"/>
  <system-out/>
  <testcase classname="Test_Package.Test_case_BrokenLinks" name="Test_link_Responce_check" time="33.929"/>
  <system-out/>
  <testcase classname="Test_Package.Test_case_BrokenLinks" name="Test_link_Responce_check" time="37.099"/>
  <system-out/>
</testsuite> <!-- Test_Package.Test_case_BrokenLinks -->
