<?xml version="1.0" encoding="UTF-8"?>
<!-- Generated by org.testng.reporters.JUnitReportReporter -->
<testsuite hostname="DESKTOP-0Q2F0AL" failures="0" tests="12" name="Test_Package.Test_case_BrokenLinks" time="306.471" errors="0" timestamp="2023-04-25T00:31:24 IST" skipped="0">
  <testcase classname="Test_Package.Test_case_BrokenLinks" name="Test_href_Number_check" time="6.355"/>
  <system-out/>
  <testcase classname="Test_Package.Test_case_BrokenLinks" name="Test_href_Number_check" time="6.369"/>
  <system-out/>
  <testcase classname="Test_Package.Test_case_BrokenLinks" name="Test_href_Number_check" time="13.046"/>
  <system-out/>
  <testcase classname="Test_Package.Test_case_BrokenLinks" name="Test_href_Number_check" time="8.153"/>
  <system-out/>
  <testcase classname="Test_Package.Test_case_BrokenLinks" name="Test_href_Number_check" time="7.502"/>
  <system-out/>
  <testcase classname="Test_Package.Test_case_BrokenLinks" name="Test_href_Number_check" time="7.438"/>
  <system-out/>
  <testcase classname="Test_Package.Test_case_BrokenLinks" name="Test_link_Responce_check" time="41.838"/>
  <system-out/>
  <testcase classname="Test_Package.Test_case_BrokenLinks" name="Test_link_Responce_check" time="79.195"/>
  <system-out/>
  <testcase classname="Test_Package.Test_case_BrokenLinks" name="Test_link_Responce_check" time="36.457"/>
  <system-out/>
  <testcase classname="Test_Package.Test_case_BrokenLinks" name="Test_link_Responce_check" time="33.773"/>
  <system-out/>
  <testcase classname="Test_Package.Test_case_BrokenLinks" name="Test_link_Responce_check" time="32.225"/>
  <system-out/>
  <testcase classname="Test_Package.Test_case_BrokenLinks" name="Test_link_Responce_check" time="34.120"/>
  <system-out/>
</testsuite> <!-- Test_Package.Test_case_BrokenLinks -->
